<?xml version="1.0" encoding="UTF-8"?>
<!-- Generated by org.testng.reporters.JUnitXMLReporter -->
<testsuite ignored="1" hostname="DESKTOP-BBHQ9GM" failures="0" tests="1" name="Default test" time="17.097" errors="0" timestamp="2025-05-13T01:36:26 EET">
  <testcase classname="databaseTesting.databaseTesting.Test3indatabase" name="UpdateOffice" time="0.039"/>
  <testcase classname="databaseTesting.databaseTesting.Test3indatabase" name="AddNewOffice" time="0.0">
    <ignored/>
  </testcase> <!-- AddNewOffice -->
</testsuite> <!-- Default test -->
