<?xml version="1.0" encoding="UTF-8"?>
<!-- Generated by org.testng.reporters.JUnitXMLReporter -->
<testsuite ignored="0" hostname="DESKTOP-BBHQ9GM" failures="0" tests="4" name="Default test" time="3.016" errors="0" timestamp="2025-05-12T23:30:02 EET">
  <testcase classname="databaseTesting.databaseTesting.AppTest" name="AddNewCustomer" time="0.018"/>
  <testcase classname="databaseTesting.databaseTesting.AppTest" name="UpdateCustomerInfo" time="0.005"/>
  <testcase classname="databaseTesting.databaseTesting.AppTest" name="ReadTheUpdatedData" time="0.26"/>
  <testcase classname="databaseTesting.databaseTesting.AppTest" name="DeleteCustomer" time="0.004"/>
</testsuite> <!-- Default test -->
