<?xml version="1.0" encoding="UTF-8"?>
<testng-results ignored="1" total="2" passed="1" failed="0" skipped="0">
  <reporter-output>
  </reporter-output>
  <suite started-at="2025-05-13T01:36:09 EET" name="Default suite" finished-at="2025-05-13T01:36:26 EET" duration-ms="17097">
    <groups>
    </groups>
    <test started-at="2025-05-13T01:36:09 EET" name="Default test" finished-at="2025-05-13T01:36:26 EET" duration-ms="17097">
      <class name="databaseTesting.databaseTesting.Test3indatabase">
        <test-method is-config="true" signature="mySetup()[pri:0, instance:databaseTesting.databaseTesting.Test3indatabase@44040454]" started-at="2025-05-13T01:36:09 EET" name="mySetup" finished-at="2025-05-13T01:36:26 EET" duration-ms="16954" status="PASS">
          <reporter-output>
          </reporter-output>
        </test-method> <!-- mySetup -->
        <test-method signature="UpdateOffice()[pri:1, instance:databaseTesting.databaseTesting.Test3indatabase@44040454]" started-at="2025-05-13T01:36:26 EET" name="UpdateOffice" finished-at="2025-05-13T01:36:26 EET" duration-ms="39" status="PASS">
          <reporter-output>
          </reporter-output>
        </test-method> <!-- UpdateOffice -->
      </class> <!-- databaseTesting.databaseTesting.Test3indatabase -->
    </test> <!-- Default test -->
  </suite> <!-- Default suite -->
</testng-results>
